D:\Perforce\C26\Students\cugone\Projects\Engine\Code\Engine\Audio\Audio.cpp
D:\Perforce\C26\Students\cugone\Projects\Engine\Code\Engine\Audio\Audio.hpp
D:\Perforce\C26\Students\cugone\Projects\Engine\Code\Engine\BuildConfig.cpp
D:\Perforce\C26\Students\cugone\Projects\Engine\Code\Engine\Config.cpp
D:\Perforce\C26\Students\cugone\Projects\Engine\Code\Engine\Config.hpp
D:\Perforce\C26\Students\cugone\Projects\Engine\Code\Engine\Core\Atomic.hpp
D:\Perforce\C26\Students\cugone\Projects\Engine\Code\Engine\Core\BitmapFont.cpp
D:\Perforce\C26\Students\cugone\Projects\Engine\Code\Engine\Core\BitmapFont.hpp
D:\Perforce\C26\Students\cugone\Projects\Engine\Code\Engine\Core\CallStack.cpp
D:\Perforce\C26\Students\cugone\Projects\Engine\Code\Engine\Core\CallStack.hpp
D:\Perforce\C26\Students\cugone\Projects\Engine\Code\Engine\Core\Console.cpp
D:\Perforce\C26\Students\cugone\Projects\Engine\Code\Engine\Core\Console.hpp
D:\Perforce\C26\Students\cugone\Projects\Engine\Code\Engine\Core\CriticalSection.hpp
D:\Perforce\C26\Students\cugone\Projects\Engine\Code\Engine\Core\DataUtils.cpp
D:\Perforce\C26\Students\cugone\Projects\Engine\Code\Engine\Core\DataUtils.hpp
D:\Perforce\C26\Students\cugone\Projects\Engine\Code\Engine\Core\EngineBase.cpp
D:\Perforce\C26\Students\cugone\Projects\Engine\Code\Engine\Core\EngineBase.hpp
D:\Perforce\C26\Students\cugone\Projects\Engine\Code\Engine\Core\EngineSubsystem.cpp
D:\Perforce\C26\Students\cugone\Projects\Engine\Code\Engine\Core\EngineSubsystem.hpp
D:\Perforce\C26\Students\cugone\Projects\Engine\Code\Engine\Core\ErrorWarningAssert.cpp
D:\Perforce\C26\Students\cugone\Projects\Engine\Code\Engine\Core\ErrorWarningAssert.hpp
D:\Perforce\C26\Students\cugone\Projects\Engine\Code\Engine\Core\FileUtils.cpp
D:\Perforce\C26\Students\cugone\Projects\Engine\Code\Engine\Core\FileUtils.hpp
D:\Perforce\C26\Students\cugone\Projects\Engine\Code\Engine\Core\Image.cpp
D:\Perforce\C26\Students\cugone\Projects\Engine\Code\Engine\Core\Image.hpp
D:\Perforce\C26\Students\cugone\Projects\Engine\Code\Engine\Core\JobSystem.cpp
D:\Perforce\C26\Students\cugone\Projects\Engine\Code\Engine\Core\JobSystem.hpp
D:\Perforce\C26\Students\cugone\Projects\Engine\Code\Engine\Core\KerningFont.cpp
D:\Perforce\C26\Students\cugone\Projects\Engine\Code\Engine\Core\KerningFont.hpp
D:\Perforce\C26\Students\cugone\Projects\Engine\Code\Engine\Core\Logger.cpp
D:\Perforce\C26\Students\cugone\Projects\Engine\Code\Engine\Core\Logger.hpp
D:\Perforce\C26\Students\cugone\Projects\Engine\Code\Engine\Core\Memory.cpp
D:\Perforce\C26\Students\cugone\Projects\Engine\Code\Engine\Core\Memory.hpp
D:\Perforce\C26\Students\cugone\Projects\Engine\Code\Engine\Core\MessageEvent.cpp
D:\Perforce\C26\Students\cugone\Projects\Engine\Code\Engine\Core\MessageEvent.hpp
D:\Perforce\C26\Students\cugone\Projects\Engine\Code\Engine\Core\ProfileLogScope.cpp
D:\Perforce\C26\Students\cugone\Projects\Engine\Code\Engine\Core\ProfileLogScope.hpp
D:\Perforce\C26\Students\cugone\Projects\Engine\Code\Engine\Core\Profiler.cpp
D:\Perforce\C26\Students\cugone\Projects\Engine\Code\Engine\Core\Profiler.hpp
D:\Perforce\C26\Students\cugone\Projects\Engine\Code\Engine\Core\Rgba.cpp
D:\Perforce\C26\Students\cugone\Projects\Engine\Code\Engine\Core\Rgba.hpp
D:\Perforce\C26\Students\cugone\Projects\Engine\Code\Engine\Core\Signal.cpp
D:\Perforce\C26\Students\cugone\Projects\Engine\Code\Engine\Core\Signal.hpp
D:\Perforce\C26\Students\cugone\Projects\Engine\Code\Engine\Core\StringUtils.cpp
D:\Perforce\C26\Students\cugone\Projects\Engine\Code\Engine\Core\StringUtils.hpp
D:\Perforce\C26\Students\cugone\Projects\Engine\Code\Engine\Core\ThreadSafeQueue.hpp
D:\Perforce\C26\Students\cugone\Projects\Engine\Code\Engine\Core\Time.cpp
D:\Perforce\C26\Students\cugone\Projects\Engine\Code\Engine\Core\Time.hpp
D:\Perforce\C26\Students\cugone\Projects\Engine\Code\Engine\Display.cpp
D:\Perforce\C26\Students\cugone\Projects\Engine\Code\Engine\Display.hpp
D:\Perforce\C26\Students\cugone\Projects\Engine\Code\Engine\EngineConfig.cpp
D:\Perforce\C26\Students\cugone\Projects\Engine\Code\Engine\EngineConfig.hpp
D:\Perforce\C26\Students\cugone\Projects\Engine\Code\Engine\Input\InputSystem.cpp
D:\Perforce\C26\Students\cugone\Projects\Engine\Code\Engine\Input\InputSystem.hpp
D:\Perforce\C26\Students\cugone\Projects\Engine\Code\Engine\Input\KeyState.hpp
D:\Perforce\C26\Students\cugone\Projects\Engine\Code\Engine\Input\XboxController.cpp
D:\Perforce\C26\Students\cugone\Projects\Engine\Code\Engine\Input\XboxController.hpp
D:\Perforce\C26\Students\cugone\Projects\Engine\Code\Engine\Math\AABB2.cpp
D:\Perforce\C26\Students\cugone\Projects\Engine\Code\Engine\Math\AABB2.hpp
D:\Perforce\C26\Students\cugone\Projects\Engine\Code\Engine\Math\AABB3.cpp
D:\Perforce\C26\Students\cugone\Projects\Engine\Code\Engine\Math\AABB3.hpp
D:\Perforce\C26\Students\cugone\Projects\Engine\Code\Engine\Math\Capsule2.cpp
D:\Perforce\C26\Students\cugone\Projects\Engine\Code\Engine\Math\Capsule2.hpp
D:\Perforce\C26\Students\cugone\Projects\Engine\Code\Engine\Math\Disc2.cpp
D:\Perforce\C26\Students\cugone\Projects\Engine\Code\Engine\Math\Disc2.hpp
D:\Perforce\C26\Students\cugone\Projects\Engine\Code\Engine\Math\IntVector2.cpp
D:\Perforce\C26\Students\cugone\Projects\Engine\Code\Engine\Math\IntVector2.hpp
D:\Perforce\C26\Students\cugone\Projects\Engine\Code\Engine\Math\IntVector3.cpp
D:\Perforce\C26\Students\cugone\Projects\Engine\Code\Engine\Math\IntVector3.hpp
D:\Perforce\C26\Students\cugone\Projects\Engine\Code\Engine\Math\IntVector4.cpp
D:\Perforce\C26\Students\cugone\Projects\Engine\Code\Engine\Math\IntVector4.hpp
D:\Perforce\C26\Students\cugone\Projects\Engine\Code\Engine\Math\LineSegment2.cpp
D:\Perforce\C26\Students\cugone\Projects\Engine\Code\Engine\Math\LineSegment2.hpp
D:\Perforce\C26\Students\cugone\Projects\Engine\Code\Engine\Math\LineSegment3.cpp
D:\Perforce\C26\Students\cugone\Projects\Engine\Code\Engine\Math\LineSegment3.hpp
D:\Perforce\C26\Students\cugone\Projects\Engine\Code\Engine\Math\MathUtils.cpp
D:\Perforce\C26\Students\cugone\Projects\Engine\Code\Engine\Math\MathUtils.hpp
D:\Perforce\C26\Students\cugone\Projects\Engine\Code\Engine\Math\Matrix4.cpp
D:\Perforce\C26\Students\cugone\Projects\Engine\Code\Engine\Math\Matrix4.hpp
D:\Perforce\C26\Students\cugone\Projects\Engine\Code\Engine\Math\MatrixStack.cpp
D:\Perforce\C26\Students\cugone\Projects\Engine\Code\Engine\Math\MatrixStack.hpp
D:\Perforce\C26\Students\cugone\Projects\Engine\Code\Engine\Math\Noise.cpp
D:\Perforce\C26\Students\cugone\Projects\Engine\Code\Engine\Math\Noise.hpp
D:\Perforce\C26\Students\cugone\Projects\Engine\Code\Engine\Math\Plane2.cpp
D:\Perforce\C26\Students\cugone\Projects\Engine\Code\Engine\Math\Plane2.hpp
D:\Perforce\C26\Students\cugone\Projects\Engine\Code\Engine\Math\Plane3.cpp
D:\Perforce\C26\Students\cugone\Projects\Engine\Code\Engine\Math\Plane3.hpp
D:\Perforce\C26\Students\cugone\Projects\Engine\Code\Engine\Math\Quaternion.cpp
D:\Perforce\C26\Students\cugone\Projects\Engine\Code\Engine\Math\Quaternion.hpp
D:\Perforce\C26\Students\cugone\Projects\Engine\Code\Engine\Math\Sphere3.cpp
D:\Perforce\C26\Students\cugone\Projects\Engine\Code\Engine\Math\Sphere3.hpp
D:\Perforce\C26\Students\cugone\Projects\Engine\Code\Engine\Math\Transform.cpp
D:\Perforce\C26\Students\cugone\Projects\Engine\Code\Engine\Math\Transform.hpp
D:\Perforce\C26\Students\cugone\Projects\Engine\Code\Engine\Math\Vector2.cpp
D:\Perforce\C26\Students\cugone\Projects\Engine\Code\Engine\Math\Vector2.hpp
D:\Perforce\C26\Students\cugone\Projects\Engine\Code\Engine\Math\Vector3.cpp
D:\Perforce\C26\Students\cugone\Projects\Engine\Code\Engine\Math\Vector3.hpp
D:\Perforce\C26\Students\cugone\Projects\Engine\Code\Engine\Math\Vector4.cpp
D:\Perforce\C26\Students\cugone\Projects\Engine\Code\Engine\Math\Vector4.hpp
D:\Perforce\C26\Students\cugone\Projects\Engine\Code\Engine\Physics\Particle.cpp
D:\Perforce\C26\Students\cugone\Projects\Engine\Code\Engine\Physics\Particle.hpp
D:\Perforce\C26\Students\cugone\Projects\Engine\Code\Engine\Physics\ParticleEffect.cpp
D:\Perforce\C26\Students\cugone\Projects\Engine\Code\Engine\Physics\ParticleEffect.hpp
D:\Perforce\C26\Students\cugone\Projects\Engine\Code\Engine\Physics\ParticleEffectDefinition.cpp
D:\Perforce\C26\Students\cugone\Projects\Engine\Code\Engine\Physics\ParticleEffectDefinition.hpp
D:\Perforce\C26\Students\cugone\Projects\Engine\Code\Engine\Physics\ParticleEmitter.cpp
D:\Perforce\C26\Students\cugone\Projects\Engine\Code\Engine\Physics\ParticleEmitter.hpp
D:\Perforce\C26\Students\cugone\Projects\Engine\Code\Engine\Physics\ParticleEmitterDefinition.cpp
D:\Perforce\C26\Students\cugone\Projects\Engine\Code\Engine\Physics\ParticleEmitterDefinition.hpp
D:\Perforce\C26\Students\cugone\Projects\Engine\Code\Engine\Physics\ParticleSystem.cpp
D:\Perforce\C26\Students\cugone\Projects\Engine\Code\Engine\Physics\ParticleSystem.hpp
D:\Perforce\C26\Students\cugone\Projects\Engine\Code\Engine\Renderer\BlendState.cpp
D:\Perforce\C26\Students\cugone\Projects\Engine\Code\Engine\Renderer\BlendState.hpp
D:\Perforce\C26\Students\cugone\Projects\Engine\Code\Engine\Renderer\Buffer.cpp
D:\Perforce\C26\Students\cugone\Projects\Engine\Code\Engine\Renderer\Buffer.hpp
D:\Perforce\C26\Students\cugone\Projects\Engine\Code\Engine\Renderer\Camera3D.cpp
D:\Perforce\C26\Students\cugone\Projects\Engine\Code\Engine\Renderer\Camera3D.hpp
D:\Perforce\C26\Students\cugone\Projects\Engine\Code\Engine\Renderer\ComputeJob.cpp
D:\Perforce\C26\Students\cugone\Projects\Engine\Code\Engine\Renderer\ComputeJob.hpp
D:\Perforce\C26\Students\cugone\Projects\Engine\Code\Engine\Renderer\ComputeShader.cpp
D:\Perforce\C26\Students\cugone\Projects\Engine\Code\Engine\Renderer\ComputeShader.hpp
D:\Perforce\C26\Students\cugone\Projects\Engine\Code\Engine\Renderer\ConstantBuffer.cpp
D:\Perforce\C26\Students\cugone\Projects\Engine\Code\Engine\Renderer\ConstantBuffer.hpp
D:\Perforce\C26\Students\cugone\Projects\Engine\Code\Engine\Renderer\CubeMap.cpp
D:\Perforce\C26\Students\cugone\Projects\Engine\Code\Engine\Renderer\CubeMap.hpp
D:\Perforce\C26\Students\cugone\Projects\Engine\Code\Engine\Renderer\DepthStencilState.cpp
D:\Perforce\C26\Students\cugone\Projects\Engine\Code\Engine\Renderer\DepthStencilState.hpp
D:\Perforce\C26\Students\cugone\Projects\Engine\Code\Engine\Renderer\IBuffer.cpp
D:\Perforce\C26\Students\cugone\Projects\Engine\Code\Engine\Renderer\IBuffer.hpp
D:\Perforce\C26\Students\cugone\Projects\Engine\Code\Engine\Renderer\IndexBuffer.cpp
D:\Perforce\C26\Students\cugone\Projects\Engine\Code\Engine\Renderer\IndexBuffer.hpp
D:\Perforce\C26\Students\cugone\Projects\Engine\Code\Engine\Renderer\Material.cpp
D:\Perforce\C26\Students\cugone\Projects\Engine\Code\Engine\Renderer\Material.hpp
D:\Perforce\C26\Students\cugone\Projects\Engine\Code\Engine\Renderer\Mesh.cpp
D:\Perforce\C26\Students\cugone\Projects\Engine\Code\Engine\Renderer\Mesh.hpp
D:\Perforce\C26\Students\cugone\Projects\Engine\Code\Engine\Renderer\MeshBuilder.cpp
D:\Perforce\C26\Students\cugone\Projects\Engine\Code\Engine\Renderer\MeshBuilder.hpp
D:\Perforce\C26\Students\cugone\Projects\Engine\Code\Engine\Renderer\MeshMotion.cpp
D:\Perforce\C26\Students\cugone\Projects\Engine\Code\Engine\Renderer\MeshMotion.hpp
D:\Perforce\C26\Students\cugone\Projects\Engine\Code\Engine\Renderer\MeshPose.cpp
D:\Perforce\C26\Students\cugone\Projects\Engine\Code\Engine\Renderer\MeshPose.hpp
D:\Perforce\C26\Students\cugone\Projects\Engine\Code\Engine\Renderer\MeshSkeleton.cpp
D:\Perforce\C26\Students\cugone\Projects\Engine\Code\Engine\Renderer\MeshSkeleton.hpp
D:\Perforce\C26\Students\cugone\Projects\Engine\Code\Engine\Renderer\MeshSkeletonInstance.cpp
D:\Perforce\C26\Students\cugone\Projects\Engine\Code\Engine\Renderer\MeshSkeletonInstance.hpp
D:\Perforce\C26\Students\cugone\Projects\Engine\Code\Engine\Renderer\RasterState.cpp
D:\Perforce\C26\Students\cugone\Projects\Engine\Code\Engine\Renderer\RasterState.hpp
D:\Perforce\C26\Students\cugone\Projects\Engine\Code\Engine\Renderer\ReadWriteBuffer.cpp
D:\Perforce\C26\Students\cugone\Projects\Engine\Code\Engine\Renderer\ReadWriteBuffer.hpp
D:\Perforce\C26\Students\cugone\Projects\Engine\Code\Engine\Renderer\Renderer.cpp
D:\Perforce\C26\Students\cugone\Projects\Engine\Code\Engine\Renderer\Renderer.hpp
D:\Perforce\C26\Students\cugone\Projects\Engine\Code\Engine\Renderer\Sampler.cpp
D:\Perforce\C26\Students\cugone\Projects\Engine\Code\Engine\Renderer\Sampler.hpp
D:\Perforce\C26\Students\cugone\Projects\Engine\Code\Engine\Renderer\Shader.cpp
D:\Perforce\C26\Students\cugone\Projects\Engine\Code\Engine\Renderer\Shader.hpp
D:\Perforce\C26\Students\cugone\Projects\Engine\Code\Engine\Renderer\ShaderProgram.cpp
D:\Perforce\C26\Students\cugone\Projects\Engine\Code\Engine\Renderer\ShaderProgram.hpp
D:\Perforce\C26\Students\cugone\Projects\Engine\Code\Engine\Renderer\SimpleRenderer.cpp
D:\Perforce\C26\Students\cugone\Projects\Engine\Code\Engine\Renderer\SimpleRenderer.hpp
D:\Perforce\C26\Students\cugone\Projects\Engine\Code\Engine\Renderer\SpriteAnimation.cpp
D:\Perforce\C26\Students\cugone\Projects\Engine\Code\Engine\Renderer\SpriteAnimation.hpp
D:\Perforce\C26\Students\cugone\Projects\Engine\Code\Engine\Renderer\SpriteSheet.cpp
D:\Perforce\C26\Students\cugone\Projects\Engine\Code\Engine\Renderer\SpriteSheet.hpp
D:\Perforce\C26\Students\cugone\Projects\Engine\Code\Engine\Renderer\StructuredBuffer.cpp
D:\Perforce\C26\Students\cugone\Projects\Engine\Code\Engine\Renderer\StructuredBuffer.hpp
D:\Perforce\C26\Students\cugone\Projects\Engine\Code\Engine\Renderer\Texture.cpp
D:\Perforce\C26\Students\cugone\Projects\Engine\Code\Engine\Renderer\Texture.hpp
D:\Perforce\C26\Students\cugone\Projects\Engine\Code\Engine\Renderer\Texture1D.cpp
D:\Perforce\C26\Students\cugone\Projects\Engine\Code\Engine\Renderer\Texture1D.hpp
D:\Perforce\C26\Students\cugone\Projects\Engine\Code\Engine\Renderer\Texture2D.cpp
D:\Perforce\C26\Students\cugone\Projects\Engine\Code\Engine\Renderer\Texture2D.hpp
D:\Perforce\C26\Students\cugone\Projects\Engine\Code\Engine\Renderer\TextureBase.cpp
D:\Perforce\C26\Students\cugone\Projects\Engine\Code\Engine\Renderer\TextureBase.hpp
D:\Perforce\C26\Students\cugone\Projects\Engine\Code\Engine\Renderer\Vertex2D.hpp
D:\Perforce\C26\Students\cugone\Projects\Engine\Code\Engine\Renderer\Vertex3D.hpp
D:\Perforce\C26\Students\cugone\Projects\Engine\Code\Engine\Renderer\VertexBuffer.cpp
D:\Perforce\C26\Students\cugone\Projects\Engine\Code\Engine\Renderer\VertexBuffer.hpp
D:\Perforce\C26\Students\cugone\Projects\Engine\Code\Engine\RHI\DX11.cpp
D:\Perforce\C26\Students\cugone\Projects\Engine\Code\Engine\RHI\DX11.hpp
D:\Perforce\C26\Students\cugone\Projects\Engine\Code\Engine\RHI\RHI.hpp
D:\Perforce\C26\Students\cugone\Projects\Engine\Code\Engine\RHI\RHIDevice.cpp
D:\Perforce\C26\Students\cugone\Projects\Engine\Code\Engine\RHI\RHIDevice.hpp
D:\Perforce\C26\Students\cugone\Projects\Engine\Code\Engine\RHI\RHIDeviceContext.cpp
D:\Perforce\C26\Students\cugone\Projects\Engine\Code\Engine\RHI\RHIDeviceContext.hpp
D:\Perforce\C26\Students\cugone\Projects\Engine\Code\Engine\RHI\RHIInstance.cpp
D:\Perforce\C26\Students\cugone\Projects\Engine\Code\Engine\RHI\RHIInstance.hpp
D:\Perforce\C26\Students\cugone\Projects\Engine\Code\Engine\RHI\RHIOutput.cpp
D:\Perforce\C26\Students\cugone\Projects\Engine\Code\Engine\RHI\RHIOutput.hpp
D:\Perforce\C26\Students\cugone\Projects\Engine\Code\Engine\RHI\RHITypes.cpp
D:\Perforce\C26\Students\cugone\Projects\Engine\Code\Engine\RHI\RHITypes.hpp
D:\Perforce\C26\Students\cugone\Projects\Engine\Code\Engine\Window.cpp
D:\Perforce\C26\Students\cugone\Projects\Engine\Code\Engine\Window.hpp
D:\Perforce\C26\Students\cugone\Projects\Engine\Code\ThirdParty\FBX\fbx.cpp
D:\Perforce\C26\Students\cugone\Projects\Engine\Code\ThirdParty\FBX\fbx.hpp
D:\Perforce\C26\Students\cugone\Projects\Engine\Code\ThirdParty\fmod\fmod.h
D:\Perforce\C26\Students\cugone\Projects\Engine\Code\ThirdParty\fmod\fmod.hpp
D:\Perforce\C26\Students\cugone\Projects\Engine\Code\ThirdParty\fmod\fmod_codec.h
D:\Perforce\C26\Students\cugone\Projects\Engine\Code\ThirdParty\fmod\fmod_dsp.h
D:\Perforce\C26\Students\cugone\Projects\Engine\Code\ThirdParty\fmod\fmod_errors.h
D:\Perforce\C26\Students\cugone\Projects\Engine\Code\ThirdParty\fmod\fmod_memoryinfo.h
D:\Perforce\C26\Students\cugone\Projects\Engine\Code\ThirdParty\fmod\fmod_output.h
D:\Perforce\C26\Students\cugone\Projects\Engine\Code\ThirdParty\OpenGL\glcorearb.h
D:\Perforce\C26\Students\cugone\Projects\Engine\Code\ThirdParty\OpenGL\glext.h
D:\Perforce\C26\Students\cugone\Projects\Engine\Code\ThirdParty\OpenGL\glxext.h
D:\Perforce\C26\Students\cugone\Projects\Engine\Code\ThirdParty\OpenGL\wglext.h
D:\Perforce\C26\Students\cugone\Projects\Engine\Code\ThirdParty\stb\stb_image.c
D:\Perforce\C26\Students\cugone\Projects\Engine\Code\ThirdParty\stb\stb_image.h
D:\Perforce\C26\Students\cugone\Projects\Engine\Code\ThirdParty\TinyXML2\tinyxml2.cpp
D:\Perforce\C26\Students\cugone\Projects\Engine\Code\ThirdParty\TinyXML2\tinyxml2.h
