D:\Perforce\C26\Students\cugone\Projects\Engine\Code\Engine\Audio\Audio.cpp: 268
D:\Perforce\C26\Students\cugone\Projects\Engine\Code\Engine\Audio\Audio.hpp: 55
D:\Perforce\C26\Students\cugone\Projects\Engine\Code\Engine\BuildConfig.cpp: 23
D:\Perforce\C26\Students\cugone\Projects\Engine\Code\Engine\Config.cpp: 472
D:\Perforce\C26\Students\cugone\Projects\Engine\Code\Engine\Config.hpp: 75
D:\Perforce\C26\Students\cugone\Projects\Engine\Code\Engine\Core\Atomic.hpp: 44
D:\Perforce\C26\Students\cugone\Projects\Engine\Code\Engine\Core\BitmapFont.cpp: 57
D:\Perforce\C26\Students\cugone\Projects\Engine\Code\Engine\Core\BitmapFont.hpp: 32
D:\Perforce\C26\Students\cugone\Projects\Engine\Code\Engine\Core\CallStack.cpp: 199
D:\Perforce\C26\Students\cugone\Projects\Engine\Code\Engine\Core\CallStack.hpp: 43
D:\Perforce\C26\Students\cugone\Projects\Engine\Code\Engine\Core\Console.cpp: 759
D:\Perforce\C26\Students\cugone\Projects\Engine\Code\Engine\Core\Console.hpp: 153
D:\Perforce\C26\Students\cugone\Projects\Engine\Code\Engine\Core\CriticalSection.hpp: 18
D:\Perforce\C26\Students\cugone\Projects\Engine\Code\Engine\Core\DataUtils.cpp: 484
D:\Perforce\C26\Students\cugone\Projects\Engine\Code\Engine\Core\DataUtils.hpp: 113
D:\Perforce\C26\Students\cugone\Projects\Engine\Code\Engine\Core\EngineBase.cpp: 51
D:\Perforce\C26\Students\cugone\Projects\Engine\Code\Engine\Core\EngineBase.hpp: 15
D:\Perforce\C26\Students\cugone\Projects\Engine\Code\Engine\Core\EngineSubsystem.cpp: 137
D:\Perforce\C26\Students\cugone\Projects\Engine\Code\Engine\Core\EngineSubsystem.hpp: 129
D:\Perforce\C26\Students\cugone\Projects\Engine\Code\Engine\Core\ErrorWarningAssert.cpp: 316
D:\Perforce\C26\Students\cugone\Projects\Engine\Code\Engine\Core\ErrorWarningAssert.hpp: 170
D:\Perforce\C26\Students\cugone\Projects\Engine\Code\Engine\Core\FileUtils.cpp: 350
D:\Perforce\C26\Students\cugone\Projects\Engine\Code\Engine\Core\FileUtils.hpp: 193
D:\Perforce\C26\Students\cugone\Projects\Engine\Code\Engine\Core\Image.cpp: 75
D:\Perforce\C26\Students\cugone\Projects\Engine\Code\Engine\Core\Image.hpp: 27
D:\Perforce\C26\Students\cugone\Projects\Engine\Code\Engine\Core\JobSystem.cpp: 267
D:\Perforce\C26\Students\cugone\Projects\Engine\Code\Engine\Core\JobSystem.hpp: 102
D:\Perforce\C26\Students\cugone\Projects\Engine\Code\Engine\Core\KerningFont.cpp: 246
D:\Perforce\C26\Students\cugone\Projects\Engine\Code\Engine\Core\KerningFont.hpp: 92
D:\Perforce\C26\Students\cugone\Projects\Engine\Code\Engine\Core\Logger.cpp: 310
D:\Perforce\C26\Students\cugone\Projects\Engine\Code\Engine\Core\Logger.hpp: 80
D:\Perforce\C26\Students\cugone\Projects\Engine\Code\Engine\Core\Memory.cpp: 360
D:\Perforce\C26\Students\cugone\Projects\Engine\Code\Engine\Core\Memory.hpp: 62
D:\Perforce\C26\Students\cugone\Projects\Engine\Code\Engine\Core\MessageEvent.cpp: 0
D:\Perforce\C26\Students\cugone\Projects\Engine\Code\Engine\Core\MessageEvent.hpp: 0
D:\Perforce\C26\Students\cugone\Projects\Engine\Code\Engine\Core\ProfileLogScope.cpp: 11
D:\Perforce\C26\Students\cugone\Projects\Engine\Code\Engine\Core\ProfileLogScope.hpp: 21
D:\Perforce\C26\Students\cugone\Projects\Engine\Code\Engine\Core\Profiler.cpp: 653
D:\Perforce\C26\Students\cugone\Projects\Engine\Code\Engine\Core\Profiler.hpp: 102
D:\Perforce\C26\Students\cugone\Projects\Engine\Code\Engine\Core\Rgba.cpp: 336
D:\Perforce\C26\Students\cugone\Projects\Engine\Code\Engine\Core\Rgba.hpp: 71
D:\Perforce\C26\Students\cugone\Projects\Engine\Code\Engine\Core\Signal.cpp: 99
D:\Perforce\C26\Students\cugone\Projects\Engine\Code\Engine\Core\Signal.hpp: 20
D:\Perforce\C26\Students\cugone\Projects\Engine\Code\Engine\Core\StringUtils.cpp: 63
D:\Perforce\C26\Students\cugone\Projects\Engine\Code\Engine\Core\StringUtils.hpp: 13
D:\Perforce\C26\Students\cugone\Projects\Engine\Code\Engine\Core\ThreadSafeQueue.hpp: 53
D:\Perforce\C26\Students\cugone\Projects\Engine\Code\Engine\Core\Time.cpp: 35
D:\Perforce\C26\Students\cugone\Projects\Engine\Code\Engine\Core\Time.hpp: 10
D:\Perforce\C26\Students\cugone\Projects\Engine\Code\Engine\Display.cpp: 35
D:\Perforce\C26\Students\cugone\Projects\Engine\Code\Engine\Display.hpp: 24
D:\Perforce\C26\Students\cugone\Projects\Engine\Code\Engine\EngineConfig.cpp: 8
D:\Perforce\C26\Students\cugone\Projects\Engine\Code\Engine\EngineConfig.hpp: 22
D:\Perforce\C26\Students\cugone\Projects\Engine\Code\Engine\Input\InputSystem.cpp: 602
D:\Perforce\C26\Students\cugone\Projects\Engine\Code\Engine\Input\InputSystem.hpp: 325
D:\Perforce\C26\Students\cugone\Projects\Engine\Code\Engine\Input\KeyState.hpp: 7
D:\Perforce\C26\Students\cugone\Projects\Engine\Code\Engine\Input\XboxController.cpp: 201
D:\Perforce\C26\Students\cugone\Projects\Engine\Code\Engine\Input\XboxController.hpp: 67
D:\Perforce\C26\Students\cugone\Projects\Engine\Code\Engine\Math\AABB2.cpp: 158
D:\Perforce\C26\Students\cugone\Projects\Engine\Code\Engine\Math\AABB2.hpp: 38
D:\Perforce\C26\Students\cugone\Projects\Engine\Code\Engine\Math\AABB3.cpp: 142
D:\Perforce\C26\Students\cugone\Projects\Engine\Code\Engine\Math\AABB3.hpp: 39
D:\Perforce\C26\Students\cugone\Projects\Engine\Code\Engine\Math\Capsule2.cpp: 171
D:\Perforce\C26\Students\cugone\Projects\Engine\Code\Engine\Math\Capsule2.hpp: 68
D:\Perforce\C26\Students\cugone\Projects\Engine\Code\Engine\Math\Disc2.cpp: 84
D:\Perforce\C26\Students\cugone\Projects\Engine\Code\Engine\Math\Disc2.hpp: 35
D:\Perforce\C26\Students\cugone\Projects\Engine\Code\Engine\Math\IntVector2.cpp: 104
D:\Perforce\C26\Students\cugone\Projects\Engine\Code\Engine\Math\IntVector2.hpp: 41
D:\Perforce\C26\Students\cugone\Projects\Engine\Code\Engine\Math\IntVector3.cpp: 111
D:\Perforce\C26\Students\cugone\Projects\Engine\Code\Engine\Math\IntVector3.hpp: 45
D:\Perforce\C26\Students\cugone\Projects\Engine\Code\Engine\Math\IntVector4.cpp: 95
D:\Perforce\C26\Students\cugone\Projects\Engine\Code\Engine\Math\IntVector4.hpp: 40
D:\Perforce\C26\Students\cugone\Projects\Engine\Code\Engine\Math\LineSegment2.cpp: 257
D:\Perforce\C26\Students\cugone\Projects\Engine\Code\Engine\Math\LineSegment2.hpp: 70
D:\Perforce\C26\Students\cugone\Projects\Engine\Code\Engine\Math\LineSegment3.cpp: 142
D:\Perforce\C26\Students\cugone\Projects\Engine\Code\Engine\Math\LineSegment3.hpp: 51
D:\Perforce\C26\Students\cugone\Projects\Engine\Code\Engine\Math\MathUtils.cpp: 380
D:\Perforce\C26\Students\cugone\Projects\Engine\Code\Engine\Math\MathUtils.hpp: 320
D:\Perforce\C26\Students\cugone\Projects\Engine\Code\Engine\Math\Matrix4.cpp: 1033
D:\Perforce\C26\Students\cugone\Projects\Engine\Code\Engine\Math\Matrix4.hpp: 195
D:\Perforce\C26\Students\cugone\Projects\Engine\Code\Engine\Math\MatrixStack.cpp: 35
D:\Perforce\C26\Students\cugone\Projects\Engine\Code\Engine\Math\MatrixStack.hpp: 21
D:\Perforce\C26\Students\cugone\Projects\Engine\Code\Engine\Math\Noise.cpp: 775
D:\Perforce\C26\Students\cugone\Projects\Engine\Code\Engine\Math\Noise.hpp: 207
D:\Perforce\C26\Students\cugone\Projects\Engine\Code\Engine\Math\Plane2.cpp: 25
D:\Perforce\C26\Students\cugone\Projects\Engine\Code\Engine\Math\Plane2.hpp: 18
D:\Perforce\C26\Students\cugone\Projects\Engine\Code\Engine\Math\Plane3.cpp: 25
D:\Perforce\C26\Students\cugone\Projects\Engine\Code\Engine\Math\Plane3.hpp: 18
D:\Perforce\C26\Students\cugone\Projects\Engine\Code\Engine\Math\Quaternion.cpp: 271
D:\Perforce\C26\Students\cugone\Projects\Engine\Code\Engine\Math\Quaternion.hpp: 72
D:\Perforce\C26\Students\cugone\Projects\Engine\Code\Engine\Math\Sphere3.cpp: 83
D:\Perforce\C26\Students\cugone\Projects\Engine\Code\Engine\Math\Sphere3.hpp: 36
D:\Perforce\C26\Students\cugone\Projects\Engine\Code\Engine\Math\Transform.cpp: 2
D:\Perforce\C26\Students\cugone\Projects\Engine\Code\Engine\Math\Transform.hpp: 14
D:\Perforce\C26\Students\cugone\Projects\Engine\Code\Engine\Math\Vector2.cpp: 292
D:\Perforce\C26\Students\cugone\Projects\Engine\Code\Engine\Math\Vector2.hpp: 72
D:\Perforce\C26\Students\cugone\Projects\Engine\Code\Engine\Math\Vector3.cpp: 255
D:\Perforce\C26\Students\cugone\Projects\Engine\Code\Engine\Math\Vector3.hpp: 92
D:\Perforce\C26\Students\cugone\Projects\Engine\Code\Engine\Math\Vector4.cpp: 318
D:\Perforce\C26\Students\cugone\Projects\Engine\Code\Engine\Math\Vector4.hpp: 82
D:\Perforce\C26\Students\cugone\Projects\Engine\Code\Engine\Physics\Particle.cpp: 242
D:\Perforce\C26\Students\cugone\Projects\Engine\Code\Engine\Physics\Particle.hpp: 117
D:\Perforce\C26\Students\cugone\Projects\Engine\Code\Engine\Physics\ParticleEffect.cpp: 57
D:\Perforce\C26\Students\cugone\Projects\Engine\Code\Engine\Physics\ParticleEffect.hpp: 31
D:\Perforce\C26\Students\cugone\Projects\Engine\Code\Engine\Physics\ParticleEffectDefinition.cpp: 1
D:\Perforce\C26\Students\cugone\Projects\Engine\Code\Engine\Physics\ParticleEffectDefinition.hpp: 15
D:\Perforce\C26\Students\cugone\Projects\Engine\Code\Engine\Physics\ParticleEmitter.cpp: 113
D:\Perforce\C26\Students\cugone\Projects\Engine\Code\Engine\Physics\ParticleEmitter.hpp: 40
D:\Perforce\C26\Students\cugone\Projects\Engine\Code\Engine\Physics\ParticleEmitterDefinition.cpp: 5
D:\Perforce\C26\Students\cugone\Projects\Engine\Code\Engine\Physics\ParticleEmitterDefinition.hpp: 29
D:\Perforce\C26\Students\cugone\Projects\Engine\Code\Engine\Physics\ParticleSystem.cpp: 75
D:\Perforce\C26\Students\cugone\Projects\Engine\Code\Engine\Physics\ParticleSystem.hpp: 32
D:\Perforce\C26\Students\cugone\Projects\Engine\Code\Engine\Renderer\BlendState.cpp: 81
D:\Perforce\C26\Students\cugone\Projects\Engine\Code\Engine\Renderer\BlendState.hpp: 43
D:\Perforce\C26\Students\cugone\Projects\Engine\Code\Engine\Renderer\Buffer.cpp: 0
D:\Perforce\C26\Students\cugone\Projects\Engine\Code\Engine\Renderer\Buffer.hpp: 0
D:\Perforce\C26\Students\cugone\Projects\Engine\Code\Engine\Renderer\Camera3D.cpp: 154
D:\Perforce\C26\Students\cugone\Projects\Engine\Code\Engine\Renderer\Camera3D.hpp: 57
D:\Perforce\C26\Students\cugone\Projects\Engine\Code\Engine\Renderer\ComputeJob.cpp: 69
D:\Perforce\C26\Students\cugone\Projects\Engine\Code\Engine\Renderer\ComputeJob.hpp: 37
D:\Perforce\C26\Students\cugone\Projects\Engine\Code\Engine\Renderer\ComputeShader.cpp: 43
D:\Perforce\C26\Students\cugone\Projects\Engine\Code\Engine\Renderer\ComputeShader.hpp: 72
D:\Perforce\C26\Students\cugone\Projects\Engine\Code\Engine\Renderer\ConstantBuffer.cpp: 45
D:\Perforce\C26\Students\cugone\Projects\Engine\Code\Engine\Renderer\ConstantBuffer.hpp: 20
D:\Perforce\C26\Students\cugone\Projects\Engine\Code\Engine\Renderer\CubeMap.cpp: 22
D:\Perforce\C26\Students\cugone\Projects\Engine\Code\Engine\Renderer\CubeMap.hpp: 18
D:\Perforce\C26\Students\cugone\Projects\Engine\Code\Engine\Renderer\DepthStencilState.cpp: 62
D:\Perforce\C26\Students\cugone\Projects\Engine\Code\Engine\Renderer\DepthStencilState.hpp: 31
D:\Perforce\C26\Students\cugone\Projects\Engine\Code\Engine\Renderer\IBuffer.cpp: 12
D:\Perforce\C26\Students\cugone\Projects\Engine\Code\Engine\Renderer\IBuffer.hpp: 19
D:\Perforce\C26\Students\cugone\Projects\Engine\Code\Engine\Renderer\IndexBuffer.cpp: 46
D:\Perforce\C26\Students\cugone\Projects\Engine\Code\Engine\Renderer\IndexBuffer.hpp: 22
D:\Perforce\C26\Students\cugone\Projects\Engine\Code\Engine\Renderer\Material.cpp: 0
D:\Perforce\C26\Students\cugone\Projects\Engine\Code\Engine\Renderer\Material.hpp: 0
D:\Perforce\C26\Students\cugone\Projects\Engine\Code\Engine\Renderer\Mesh.cpp: 339
D:\Perforce\C26\Students\cugone\Projects\Engine\Code\Engine\Renderer\Mesh.hpp: 51
D:\Perforce\C26\Students\cugone\Projects\Engine\Code\Engine\Renderer\MeshBuilder.cpp: 147
D:\Perforce\C26\Students\cugone\Projects\Engine\Code\Engine\Renderer\MeshBuilder.hpp: 50
D:\Perforce\C26\Students\cugone\Projects\Engine\Code\Engine\Renderer\MeshMotion.cpp: 100
D:\Perforce\C26\Students\cugone\Projects\Engine\Code\Engine\Renderer\MeshMotion.hpp: 40
D:\Perforce\C26\Students\cugone\Projects\Engine\Code\Engine\Renderer\MeshPose.cpp: 32
D:\Perforce\C26\Students\cugone\Projects\Engine\Code\Engine\Renderer\MeshPose.hpp: 18
D:\Perforce\C26\Students\cugone\Projects\Engine\Code\Engine\Renderer\MeshSkeleton.cpp: 219
D:\Perforce\C26\Students\cugone\Projects\Engine\Code\Engine\Renderer\MeshSkeleton.hpp: 86
D:\Perforce\C26\Students\cugone\Projects\Engine\Code\Engine\Renderer\MeshSkeletonInstance.cpp: 61
D:\Perforce\C26\Students\cugone\Projects\Engine\Code\Engine\Renderer\MeshSkeletonInstance.hpp: 32
D:\Perforce\C26\Students\cugone\Projects\Engine\Code\Engine\Renderer\RasterState.cpp: 59
D:\Perforce\C26\Students\cugone\Projects\Engine\Code\Engine\Renderer\RasterState.hpp: 28
D:\Perforce\C26\Students\cugone\Projects\Engine\Code\Engine\Renderer\ReadWriteBuffer.cpp: 64
D:\Perforce\C26\Students\cugone\Projects\Engine\Code\Engine\Renderer\ReadWriteBuffer.hpp: 26
D:\Perforce\C26\Students\cugone\Projects\Engine\Code\Engine\Renderer\Renderer.cpp: 998
D:\Perforce\C26\Students\cugone\Projects\Engine\Code\Engine\Renderer\Renderer.hpp: 265
D:\Perforce\C26\Students\cugone\Projects\Engine\Code\Engine\Renderer\Sampler.cpp: 67
D:\Perforce\C26\Students\cugone\Projects\Engine\Code\Engine\Renderer\Sampler.hpp: 30
D:\Perforce\C26\Students\cugone\Projects\Engine\Code\Engine\Renderer\Shader.cpp: 59
D:\Perforce\C26\Students\cugone\Projects\Engine\Code\Engine\Renderer\Shader.hpp: 36
D:\Perforce\C26\Students\cugone\Projects\Engine\Code\Engine\Renderer\ShaderProgram.cpp: 52
D:\Perforce\C26\Students\cugone\Projects\Engine\Code\Engine\Renderer\ShaderProgram.hpp: 38
D:\Perforce\C26\Students\cugone\Projects\Engine\Code\Engine\Renderer\SimpleRenderer.cpp: 2472
D:\Perforce\C26\Students\cugone\Projects\Engine\Code\Engine\Renderer\SimpleRenderer.hpp: 320
D:\Perforce\C26\Students\cugone\Projects\Engine\Code\Engine\Renderer\SpriteAnimation.cpp: 143
D:\Perforce\C26\Students\cugone\Projects\Engine\Code\Engine\Renderer\SpriteAnimation.hpp: 51
D:\Perforce\C26\Students\cugone\Projects\Engine\Code\Engine\Renderer\SpriteSheet.cpp: 65
D:\Perforce\C26\Students\cugone\Projects\Engine\Code\Engine\Renderer\SpriteSheet.hpp: 29
D:\Perforce\C26\Students\cugone\Projects\Engine\Code\Engine\Renderer\StructuredBuffer.cpp: 63
D:\Perforce\C26\Students\cugone\Projects\Engine\Code\Engine\Renderer\StructuredBuffer.hpp: 26
D:\Perforce\C26\Students\cugone\Projects\Engine\Code\Engine\Renderer\Texture.cpp: 18
D:\Perforce\C26\Students\cugone\Projects\Engine\Code\Engine\Renderer\Texture.hpp: 24
D:\Perforce\C26\Students\cugone\Projects\Engine\Code\Engine\Renderer\Texture1D.cpp: 0
D:\Perforce\C26\Students\cugone\Projects\Engine\Code\Engine\Renderer\Texture1D.hpp: 0
D:\Perforce\C26\Students\cugone\Projects\Engine\Code\Engine\Renderer\Texture2D.cpp: 61
D:\Perforce\C26\Students\cugone\Projects\Engine\Code\Engine\Renderer\Texture2D.hpp: 17
D:\Perforce\C26\Students\cugone\Projects\Engine\Code\Engine\Renderer\TextureBase.cpp: 76
D:\Perforce\C26\Students\cugone\Projects\Engine\Code\Engine\Renderer\TextureBase.hpp: 42
D:\Perforce\C26\Students\cugone\Projects\Engine\Code\Engine\Renderer\Vertex2D.hpp: 20
D:\Perforce\C26\Students\cugone\Projects\Engine\Code\Engine\Renderer\Vertex3D.hpp: 49
D:\Perforce\C26\Students\cugone\Projects\Engine\Code\Engine\Renderer\VertexBuffer.cpp: 46
D:\Perforce\C26\Students\cugone\Projects\Engine\Code\Engine\Renderer\VertexBuffer.hpp: 24
D:\Perforce\C26\Students\cugone\Projects\Engine\Code\Engine\RHI\DX11.cpp: 458
D:\Perforce\C26\Students\cugone\Projects\Engine\Code\Engine\RHI\DX11.hpp: 46
D:\Perforce\C26\Students\cugone\Projects\Engine\Code\Engine\RHI\RHI.hpp: 7
D:\Perforce\C26\Students\cugone\Projects\Engine\Code\Engine\RHI\RHIDevice.cpp: 459
D:\Perforce\C26\Students\cugone\Projects\Engine\Code\Engine\RHI\RHIDevice.hpp: 62
D:\Perforce\C26\Students\cugone\Projects\Engine\Code\Engine\RHI\RHIDeviceContext.cpp: 173
D:\Perforce\C26\Students\cugone\Projects\Engine\Code\Engine\RHI\RHIDeviceContext.hpp: 58
D:\Perforce\C26\Students\cugone\Projects\Engine\Code\Engine\RHI\RHIInstance.cpp: 128
D:\Perforce\C26\Students\cugone\Projects\Engine\Code\Engine\RHI\RHIInstance.hpp: 23
D:\Perforce\C26\Students\cugone\Projects\Engine\Code\Engine\RHI\RHIOutput.cpp: 120
D:\Perforce\C26\Students\cugone\Projects\Engine\Code\Engine\RHI\RHIOutput.hpp: 44
D:\Perforce\C26\Students\cugone\Projects\Engine\Code\Engine\RHI\RHITypes.cpp: 34
D:\Perforce\C26\Students\cugone\Projects\Engine\Code\Engine\RHI\RHITypes.hpp: 247
D:\Perforce\C26\Students\cugone\Projects\Engine\Code\Engine\Window.cpp: 322
D:\Perforce\C26\Students\cugone\Projects\Engine\Code\Engine\Window.hpp: 91
D:\Perforce\C26\Students\cugone\Projects\Engine\Code\ThirdParty\FBX\fbx.cpp: 1483
D:\Perforce\C26\Students\cugone\Projects\Engine\Code\ThirdParty\FBX\fbx.hpp: 34
D:\Perforce\C26\Students\cugone\Projects\Engine\Code\ThirdParty\fmod\fmod.h: 2467
D:\Perforce\C26\Students\cugone\Projects\Engine\Code\ThirdParty\fmod\fmod.hpp: 608
D:\Perforce\C26\Students\cugone\Projects\Engine\Code\ThirdParty\fmod\fmod_codec.h: 159
D:\Perforce\C26\Students\cugone\Projects\Engine\Code\ThirdParty\fmod\fmod_dsp.h: 745
D:\Perforce\C26\Students\cugone\Projects\Engine\Code\ThirdParty\fmod\fmod_errors.h: 123
D:\Perforce\C26\Students\cugone\Projects\Engine\Code\ThirdParty\fmod\fmod_memoryinfo.h: 201
D:\Perforce\C26\Students\cugone\Projects\Engine\Code\ThirdParty\fmod\fmod_output.h: 93
D:\Perforce\C26\Students\cugone\Projects\Engine\Code\ThirdParty\OpenGL\glcorearb.h: 4505
D:\Perforce\C26\Students\cugone\Projects\Engine\Code\ThirdParty\OpenGL\glext.h: 12146
D:\Perforce\C26\Students\cugone\Projects\Engine\Code\ThirdParty\OpenGL\glxext.h: 936
D:\Perforce\C26\Students\cugone\Projects\Engine\Code\ThirdParty\OpenGL\wglext.h: 840
D:\Perforce\C26\Students\cugone\Projects\Engine\Code\ThirdParty\stb\stb_image.c: 2
D:\Perforce\C26\Students\cugone\Projects\Engine\Code\ThirdParty\stb\stb_image.h: 6614
D:\Perforce\C26\Students\cugone\Projects\Engine\Code\ThirdParty\TinyXML2\tinyxml2.cpp: 2540
D:\Perforce\C26\Students\cugone\Projects\Engine\Code\ThirdParty\TinyXML2\tinyxml2.h: 2177

------------------------------------------
Totals
Files: 209
line count: 60885
